{"level":"info","message":"POST /api/auth/register - ::1","timestamp":"2025-03-10T10:40:27.906Z"}
{"level":"info","message":"POST /api/auth/register - ::1","timestamp":"2025-03-10T15:17:52.080Z"}
{"level":"info","message":"POST /api/auth/login - ::1","timestamp":"2025-03-10T15:18:03.998Z"}
{"level":"info","message":"POST /api/auth/login - ::1","timestamp":"2025-03-10T15:18:42.990Z"}
{"level":"info","message":"GET /api/users/profile - ::1","timestamp":"2025-03-10T15:20:44.122Z"}
{"level":"info","message":"GET /api/users/profile - ::1","timestamp":"2025-03-10T15:21:26.353Z"}
{"level":"info","message":"Server is running on port 8080","timestamp":"2025-03-11T12:32:16.052Z"}
{"level":"info","message":"Server is running on port 8080","timestamp":"2025-03-12T08:42:41.987Z"}
{"level":"info","message":"Server is running on port 8080","timestamp":"2025-03-17T19:08:17.283Z"}
{"level":"info","message":"Server is running on port 8080","timestamp":"2025-03-27T08:09:56.064Z"}
{"level":"info","message":"Server is running on port 8080","timestamp":"2025-03-27T08:12:37.031Z"}
{"level":"info","message":"Server is running on port 8080","timestamp":"2025-04-04T07:26:50.437Z"}
{"level":"info","message":"POST /api/auth/login - ::1","timestamp":"2025-04-04T07:28:21.454Z"}
{"level":"info","message":"POST /api/auth/login - ::1","timestamp":"2025-04-04T07:28:59.479Z"}
{"level":"info","message":"GET /api/menu/eyJhbGciOiJIUzI1NiIsInR5cCI6IkpXVCJ9.eyJpZCI6IjY3ZTY2MmRlYTc1ODhlOWQ5ZWRiODM4MSIsInJvbGUiOiJhZG1pbiIsImlhdCI6MTc0Mzc1MTczOSwiZXhwIjoxNzQzODM4MTM5fQ._aeGR_JuCZ-f5b5mAlVcc3tmNFZBCcFs6CH1Oi7pXOc - ::1","timestamp":"2025-04-04T07:29:49.419Z"}
{"level":"info","message":"GET /api/menu/ - ::1","timestamp":"2025-04-04T07:30:06.114Z"}
{"level":"info","message":"POST /api/categories - ::1","timestamp":"2025-04-04T07:32:30.462Z"}
{"level":"info","message":"POST /api/categories - ::1","timestamp":"2025-04-04T07:32:59.363Z"}
{"level":"info","message":"GET /api/categories - ::1","timestamp":"2025-04-04T07:33:25.199Z"}
{"level":"info","message":"POST /api/auth/signup - ::1","timestamp":"2025-04-04T07:47:24.362Z"}
{"level":"info","message":"POST /api/auth/signup - ::1","timestamp":"2025-04-04T07:47:28.451Z"}
{"level":"info","message":"POST /api/auth/register - ::1","timestamp":"2025-04-04T07:48:28.355Z"}
{"level":"info","message":"POST /api/auth/register - ::1","timestamp":"2025-04-04T07:49:20.722Z"}
{"level":"info","message":"GET /api/auth/profile - ::1","timestamp":"2025-04-04T07:52:15.492Z"}
{"level":"info","message":"POST /api/auth/signup - ::1","timestamp":"2025-04-04T07:53:33.008Z"}
{"level":"info","message":"POST /api/auth/register - ::1","timestamp":"2025-04-04T07:53:48.580Z"}
{"level":"info","message":"POST /api/auth/register - ::1","timestamp":"2025-04-04T07:57:03.131Z"}
{"level":"info","message":"POST /api/auth/register - ::1","timestamp":"2025-04-04T07:57:33.623Z"}
{"level":"info","message":"POST /api/auth/register - ::1","timestamp":"2025-04-04T07:59:23.249Z"}
{"level":"info","message":"POST /api/auth/login - ::1","timestamp":"2025-04-04T08:01:01.551Z"}
{"level":"info","message":"POST /api/auth/login - ::1","timestamp":"2025-04-04T08:01:22.459Z"}
{"level":"info","message":"POST /api/auth/register - ::1","timestamp":"2025-04-04T08:02:22.406Z"}
{"level":"info","message":"POST /api/auth/register - ::1","timestamp":"2025-04-04T08:02:27.533Z"}
{"level":"info","message":"POST /api/auth/register - ::1","timestamp":"2025-04-04T08:02:33.512Z"}
{"level":"info","message":"POST /api/auth/login - ::1","timestamp":"2025-04-04T08:02:48.876Z"}
{"level":"info","message":"GET /api/users - ::1","timestamp":"2025-04-04T08:03:02.167Z"}
{"level":"info","message":"GET /api/users - ::1","timestamp":"2025-04-04T08:03:28.545Z"}
{"level":"info","message":"POST /api/auth/register - ::1","timestamp":"2025-04-04T08:11:08.890Z"}
{"level":"info","message":"GET /api/users - ::1","timestamp":"2025-04-04T08:11:20.979Z"}
{"level":"info","message":"DELETE /api/users/67ef941dfac2830e8d205b6e - ::1","timestamp":"2025-04-04T08:11:35.711Z"}
{"level":"info","message":"GET /api/users/ - ::1","timestamp":"2025-04-04T08:12:01.977Z"}
{"level":"info","message":"POST /api/auth/register - ::1","timestamp":"2025-04-04T08:18:13.415Z"}
{"level":"info","message":"POST /api/auth/login - ::1","timestamp":"2025-04-04T08:18:30.657Z"}
{"level":"info","message":"POST /api/auth/login - ::1","timestamp":"2025-04-04T08:20:47.292Z"}
{"level":"info","message":"POST /api/auth/login - ::1","timestamp":"2025-04-04T08:24:33.542Z"}
{"level":"info","message":"POST /api/auth/login - ::1","timestamp":"2025-04-04T08:24:41.622Z"}
{"level":"info","message":"POST /api/auth/login - ::1","timestamp":"2025-04-04T08:26:02.207Z"}
{"level":"info","message":"POST /api/auth/login - ::1","timestamp":"2025-04-04T08:27:09.712Z"}
{"level":"info","message":"POST /api/auth/login - ::1","timestamp":"2025-04-04T08:30:48.200Z"}
{"level":"info","message":"POST /api/auth/login - ::1","timestamp":"2025-04-04T08:30:58.889Z"}
{"level":"info","message":"POST /api/auth/login - ::1","timestamp":"2025-04-04T08:31:25.588Z"}
{"level":"info","message":"POST /api/auth/login - ::1","timestamp":"2025-04-04T08:31:57.098Z"}
{"level":"info","message":"POST /api/auth/login - ::1","timestamp":"2025-04-04T08:32:09.469Z"}
{"level":"info","message":"POST /api/auth/login - ::1","timestamp":"2025-04-04T08:34:28.037Z"}
{"level":"info","message":"GET /api/menu - ::1","timestamp":"2025-04-04T08:44:48.958Z"}
{"level":"info","message":"DELETE /api/menu/undefined - ::1","timestamp":"2025-04-04T08:45:09.558Z"}
{"level":"info","message":"DELETE /api/menu/undefined - ::1","timestamp":"2025-04-04T08:45:10.351Z"}
{"level":"info","message":"DELETE /api/menu/undefined - ::1","timestamp":"2025-04-04T08:45:11.135Z"}
{"level":"info","message":"GET /api/menu - ::1","timestamp":"2025-04-04T08:45:15.495Z"}
{"level":"info","message":"GET /api/menu - ::1","timestamp":"2025-04-04T08:45:16.876Z"}
{"level":"info","message":"PUT /api/menu/undefined - ::1","timestamp":"2025-04-04T08:45:31.217Z"}
{"level":"info","message":"DELETE /api/menu/undefined - ::1","timestamp":"2025-04-04T08:45:32.316Z"}
{"level":"info","message":"DELETE /api/menu/undefined - ::1","timestamp":"2025-04-04T08:45:32.520Z"}
{"level":"info","message":"DELETE /api/menu/undefined - ::1","timestamp":"2025-04-04T08:45:32.703Z"}
{"level":"info","message":"DELETE /api/menu/undefined - ::1","timestamp":"2025-04-04T08:45:33.500Z"}
{"level":"info","message":"DELETE /api/menu/undefined - ::1","timestamp":"2025-04-04T08:45:33.688Z"}
{"level":"info","message":"DELETE /api/menu/undefined - ::1","timestamp":"2025-04-04T08:46:30.019Z"}
{"level":"info","message":"DELETE /api/menu/undefined - ::1","timestamp":"2025-04-04T08:46:30.624Z"}
{"level":"info","message":"GET /api/menu - ::1","timestamp":"2025-04-04T08:48:14.184Z"}
{"level":"info","message":"GET /api/menu - ::1","timestamp":"2025-04-04T08:48:15.570Z"}
{"level":"info","message":"GET /api/menu - ::1","timestamp":"2025-04-04T08:48:30.728Z"}
{"level":"info","message":"DELETE /api/menu/undefined - ::1","timestamp":"2025-04-04T08:48:38.057Z"}
{"level":"info","message":"PUT /api/menu/undefined - ::1","timestamp":"2025-04-04T08:48:55.078Z"}
{"level":"info","message":"DELETE /api/menu/undefined - ::1","timestamp":"2025-04-04T08:49:42.143Z"}
{"level":"info","message":"DELETE /api/menu/:itemId - ::1","timestamp":"2025-04-04T08:51:14.730Z"}
{"level":"info","message":"DELETE /api/menu/menu/undefined - ::1","timestamp":"2025-04-04T08:53:25.715Z"}
{"level":"info","message":"GET /api/menu - ::1","timestamp":"2025-04-04T08:54:23.654Z"}
{"level":"info","message":"GET /api/menu - ::1","timestamp":"2025-04-04T08:54:24.206Z"}
{"level":"info","message":"DELETE /api/menu/menu/undefined - ::1","timestamp":"2025-04-04T08:55:44.272Z"}
{"level":"info","message":"DELETE /api/menu/undefined - ::1","timestamp":"2025-04-04T08:57:41.637Z"}
{"level":"info","message":"DELETE /api/menu/undefined - ::1","timestamp":"2025-04-04T09:06:43.151Z"}
{"level":"info","message":"GET /api/menu - ::1","timestamp":"2025-04-04T09:08:15.064Z"}
{"level":"info","message":"GET /api/menu - ::1","timestamp":"2025-04-04T09:08:15.892Z"}
{"level":"info","message":"DELETE /api/menu/undefined - ::1","timestamp":"2025-04-04T09:09:11.901Z"}
{"level":"info","message":"GET /api/menu - ::1","timestamp":"2025-04-04T09:10:15.063Z"}
{"level":"info","message":"GET /api/menu - ::1","timestamp":"2025-04-04T09:10:15.467Z"}
{"level":"info","message":"DELETE /api/menu/undefined - ::1","timestamp":"2025-04-04T09:15:24.110Z"}
{"level":"info","message":"GET /api/menu/ - ::1","timestamp":"2025-04-04T09:16:08.798Z"}
{"level":"info","message":"GET /api/users/ - ::1","timestamp":"2025-04-04T09:16:24.565Z"}
{"level":"info","message":"POST /api/auth/login - ::1","timestamp":"2025-04-04T09:17:31.450Z"}
{"level":"info","message":"GET /api/menu/ - ::1","timestamp":"2025-04-04T09:17:47.499Z"}
{"level":"info","message":"GET /api/menu - ::1","timestamp":"2025-04-04T09:18:52.810Z"}
{"level":"info","message":"GET /api/menu - ::1","timestamp":"2025-04-04T09:18:53.272Z"}
{"level":"info","message":"GET /api/menu - ::1","timestamp":"2025-04-04T09:34:22.212Z"}
{"level":"info","message":"GET /api/menu - ::1","timestamp":"2025-04-04T09:34:24.056Z"}
{"level":"info","message":"GET /api/menu - ::1","timestamp":"2025-04-04T16:37:13.268Z"}
{"level":"info","message":"GET /api/menu - ::1","timestamp":"2025-04-04T16:37:33.745Z"}
{"level":"info","message":"GET /api/menu - ::1","timestamp":"2025-04-04T18:13:50.432Z"}
{"level":"info","message":"GET /api/menu - ::1","timestamp":"2025-04-04T18:15:37.302Z"}
{"level":"info","message":"GET /api/menu - ::1","timestamp":"2025-04-04T18:50:43.962Z"}
{"level":"info","message":"GET /api/menu - ::1","timestamp":"2025-04-04T18:50:46.249Z"}
{"level":"info","message":"GET /api/menu - ::1","timestamp":"2025-04-04T19:14:40.906Z"}
{"level":"info","message":"GET /api/menu - ::1","timestamp":"2025-04-04T19:15:00.882Z"}
{"level":"info","message":"GET /api/menu - ::1","timestamp":"2025-04-05T16:32:09.850Z"}
{"level":"info","message":"GET /api/menu - ::1","timestamp":"2025-04-05T16:32:33.673Z"}
{"level":"info","message":"GET /api/menu - ::1","timestamp":"2025-04-06T05:03:46.894Z"}
{"level":"info","message":"GET /api/menu - ::1","timestamp":"2025-04-06T05:33:58.268Z"}
{"level":"info","message":"GET /api/menu - ::1","timestamp":"2025-04-06T08:10:46.586Z"}
{"level":"info","message":"GET /api/menu - ::1","timestamp":"2025-04-06T08:11:06.592Z"}
{"level":"info","message":"GET /api/menu - ::1","timestamp":"2025-04-06T09:06:02.167Z"}
{"level":"info","message":"GET /api/menu - ::1","timestamp":"2025-04-06T09:06:17.015Z"}
{"level":"info","message":"GET /api/menu - ::1","timestamp":"2025-04-06T09:31:16.292Z"}
{"level":"info","message":"GET /api/menu - ::1","timestamp":"2025-04-06T09:31:35.042Z"}
{"level":"info","message":"GET /api/menu - ::1","timestamp":"2025-04-06T09:36:21.274Z"}
{"level":"info","message":"GET /api/menu - ::1","timestamp":"2025-04-06T09:36:40.248Z"}
{"level":"info","message":"GET /api/menu - ::1","timestamp":"2025-04-07T06:42:49.204Z"}
{"level":"info","message":"GET /api/menu - ::1","timestamp":"2025-04-07T06:42:54.882Z"}
{"level":"info","message":"DELETE /api/menu/undefined - ::1","timestamp":"2025-04-07T06:43:01.220Z"}
{"level":"info","message":"GET /api/menu - ::1","timestamp":"2025-04-07T06:54:37.542Z"}
{"level":"info","message":"GET /api/menu - ::1","timestamp":"2025-04-07T06:54:38.023Z"}
{"level":"info","message":"GET /api/menu - ::1","timestamp":"2025-04-07T07:16:49.533Z"}
{"level":"info","message":"GET /api/menu - ::1","timestamp":"2025-04-07T07:16:53.485Z"}
